[BootStrap]
File1=1,,setup1.ex_,setup1.exe,$(WinPath),,,11/16/2003 12:04:10,165376,5.0.0.3716,"","",""
File2=1,,VB5StKit.dl_,VB5StKit.dll,$(WinSysPath),,$(Shared),1/16/1997 0:00:00,29696,5.0.37.16,"","",""
File3=1,,MSVBVM50.dl_,MSVBVM50.dll,$(WinSysPathSysFile),$(DLLSelfRegister),,5/11/1998 20:01:00,1355776,5.1.43.19,"","",""
File4=1,,StdOle2.tl_,StdOle2.tlb,$(WinSysPathSysFile),$(TLBRegister),,1/15/1997 0:00:00,16896,2.20.4054.1,"","",""
File5=1,,OleAut32.dl_,OleAut32.dll,$(WinSysPathSysFile),$(DLLSelfRegister),,1/15/1997 0:00:00,491792,2.20.4054.1,"","",""
File6=1,,OlePro32.dl_,OlePro32.dll,$(WinSysPathSysFile),$(DLLSelfRegister),,1/15/1997 0:00:00,32528,5.0.4055.1,"","",""
File7=1,,AsycFilt.dl_,AsycFilt.dll,$(WinSysPathSysFile),,,1/15/1997 0:00:00,120592,2.20.4056.1,"","",""
File8=1,,Ctl3d32.dl_,Ctl3d32.dll,$(WinSysPathSysFile),,,8/21/1996 0:00:00,27136,2.31.0.0,"","",""
File9=1,,ComCat.dl_,ComCat.dll,$(WinSysPathSysFile),$(DLLSelfRegister),,10/31/1996 0:00:00,22288,4.71.1441.1,"","",""

[Files]
File1=1,,MCI32.OC_,MCI32.OCX,$(WinSysPath),$(DLLSelfRegister),$(Shared),6/24/1998 0:00:00,198456,6.0.81.69,"","",""
File2=1,,hhctrl.oc_,hhctrl.ocx,$(WinSysPath),,$(Shared),3/6/2000 11:52:42,527320,4.74.8793.0,"","",""
File3=1,,thenumber.ex_,thenumber.exe,$(AppPath),,,11/18/2003 14:07:50,111616,1.0.0.0,"","GetYourNumber","$(AppPath)\thenumber.exe"
File4=1,,thenumber.DE_,thenumber.DEP,$(AppPath),,,11/18/2003 14:10:42,17501,1.0.0.0,"","",""
File5=1,,getyournumber.ch_,getyournumber.chm,$(AppPath)\help,,,11/18/2003 13:42:50,471728,,"","",""
File6=1,,local.bi_,local.bin,$(AppPath),,,11/18/2003 13:26:12,3449,,"","",""
File7=1,,highscore.bi_,highscore.bin,$(AppPath),,,11/18/2003 13:26:10,198,,"","",""
File8=1,,highscore.wa_,highscore.wav,$(AppPath)\audio,,,10/5/2003 11:27:26,43186,,"","",""
File9=1,,york.wa_,york.wav,$(AppPath)\audio,,,9/30/2003 22:55:18,16018,,"","",""
File10=1,,basingstoke.wa_,basingstoke.wav,$(AppPath)\audio,,,9/30/2003 22:21:28,29674,,"","",""
File11=1,,bath.wa_,bath.wav,$(AppPath)\audio,,,9/30/2003 22:22:00,24118,,"","",""
File12=1,,birmingham.wa_,birmingham.wav,$(AppPath)\audio,,,9/30/2003 22:23:48,21020,,"","",""
File13=1,,blackburn.wa_,blackburn.wav,$(AppPath)\audio,,,9/30/2003 21:13:58,15520,,"","",""
File14=1,,blackpool.wa_,blackpool.wav,$(AppPath)\audio,,,9/30/2003 21:15:16,34120,,"","",""
File15=1,,bolton.wa_,bolton.wav,$(AppPath)\audio,,,9/30/2003 21:16:34,14202,,"","",""
File16=1,,bournemouth.wa_,bournemouth.wav,$(AppPath)\audio,,,9/30/2003 21:18:00,15268,,"","",""
File17=1,,bracknell.wa_,bracknell.wav,$(AppPath)\audio,,,9/30/2003 21:19:14,12030,,"","",""
File18=1,,bradford.wa_,bradford.wav,$(AppPath)\audio,,,9/30/2003 23:01:08,16860,,"","",""
File19=1,,brentwood.wa_,brentwood.wav,$(AppPath)\audio,,,10/3/2003 17:55:40,26618,,"","",""
File20=1,,brighton.wa_,brighton.wav,$(AppPath)\audio,,,10/3/2003 17:52:26,17338,,"","",""
File21=1,,bristol.wa_,bristol.wav,$(AppPath)\audio,,,10/3/2003 17:55:04,18938,,"","",""
File22=1,,cambridge.wa_,cambridge.wav,$(AppPath)\audio,,,9/30/2003 21:24:10,18680,,"","",""
File23=1,,cardiff.wa_,cardiff.wav,$(AppPath)\audio,,,10/3/2003 17:54:22,18618,,"","",""
File24=1,,chelmsford.wa_,chelmsford.wav,$(AppPath)\audio,,,9/30/2003 21:25:56,15818,,"","",""
File25=1,,cheltenham.wa_,cheltenham.wav,$(AppPath)\audio,,,9/30/2003 22:01:14,21360,,"","",""
File26=1,,chichester.wa_,chichester.wav,$(AppPath)\audio,,,9/30/2003 22:01:50,16800,,"","",""
File27=1,,coventry.wa_,coventry.wav,$(AppPath)\audio,,,9/30/2003 21:28:30,14920,,"","",""
File28=1,,crawley.wa_,crawley.wav,$(AppPath)\audio,,,9/30/2003 21:29:16,18160,,"","",""
File29=1,,croydon.wa_,croydon.wav,$(AppPath)\audio,,,9/30/2003 21:29:54,13680,,"","",""
File30=1,,dartford.wa_,dartford.wav,$(AppPath)\audio,,,9/30/2003 21:31:02,13046,,"","",""
File31=1,,duh.wa_,duh.wav,$(AppPath)\audio,,,9/30/2003 23:23:14,57498,,"","",""
File32=1,,dundee.wa_,dundee.wav,$(AppPath)\audio,,,9/30/2003 21:32:04,14920,,"","",""
File33=1,,edinburgh.wa_,edinburgh.wav,$(AppPath)\audio,,,9/30/2003 21:33:06,18878,,"","",""
File34=1,,gatwick.wa_,gatwick.wav,$(AppPath)\audio,,,9/30/2003 21:34:02,15150,,"","",""
File35=1,,glasgow.wa_,glasgow.wav,$(AppPath)\audio,,,10/3/2003 17:56:44,14138,,"","",""
File36=1,,guildford.wa_,guildford.wav,$(AppPath)\audio,,,9/30/2003 21:35:30,17516,,"","",""
File37=1,,halifax.wa_,halifax.wav,$(AppPath)\audio,,,9/30/2003 22:05:16,24172,,"","",""
File38=1,,hartlepool.wa_,hartlepool.wav,$(AppPath)\audio,,,9/30/2003 23:17:28,24358,,"","",""
File39=1,,haywards heath.wa_,haywards heath.wav,$(AppPath)\audio,,,9/30/2003 22:10:02,21758,,"","",""
File40=1,,heathrow.wa_,heathrow.wav,$(AppPath)\audio,,,9/30/2003 21:55:24,21898,,"","",""
File41=1,,high wycombe.wa_,high wycombe.wav,$(AppPath)\audio,,,9/30/2003 21:56:06,24400,,"","",""
File42=1,,huddersfield.wa_,huddersfield.wav,$(AppPath)\audio,,,9/30/2003 21:58:10,18878,,"","",""
File43=1,,hull.wa_,hull.wav,$(AppPath)\audio,,,9/30/2003 21:58:54,19354,,"","",""
File44=1,,kingston upon thames.wa_,kingston upon thames.wav,$(AppPath)\audio,,,9/30/2003 21:59:34,22900,,"","",""
File45=1,,leeds.wa_,leeds.wav,$(AppPath)\audio,,,9/30/2003 22:10:46,20418,,"","",""
File46=1,,leicester.wa_,leicester.wav,$(AppPath)\audio,,,9/30/2003 22:11:22,19740,,"","",""
File47=1,,liverpool.wa_,liverpool.wav,$(AppPath)\audio,,,9/30/2003 22:12:12,24116,,"","",""
File48=1,,london.wa_,london.wav,$(AppPath)\audio,,,9/30/2003 22:12:52,18860,,"","",""
File49=1,,luton.wa_,luton.wav,$(AppPath)\audio,,,10/3/2003 20:25:36,26460,,"","",""
File50=1,,maidenhead.wa_,maidenhead.wav,$(AppPath)\audio,,,9/30/2003 22:14:08,24222,,"","",""
File51=1,,maidstone.wa_,maidstone.wav,$(AppPath)\audio,,,9/30/2003 22:32:42,23794,,"","",""
File52=1,,manchester.wa_,manchester.wav,$(AppPath)\audio,,,9/30/2003 22:33:36,20130,,"","",""
File53=1,,middlesbrough.wa_,middlesbrough.wav,$(AppPath)\audio,,,9/30/2003 22:34:28,19412,,"","",""
File54=1,,milton keynes.wa_,milton keynes.wav,$(AppPath)\audio,,,9/30/2003 22:35:52,27534,,"","",""
File55=1,,newcastle upon tyne.wa_,newcastle upon tyne.wav,$(AppPath)\audio,,,9/30/2003 22:36:50,26490,,"","",""
File56=1,,northampton.wa_,northampton.wav,$(AppPath)\audio,,,9/30/2003 22:37:46,19400,,"","",""
File57=1,,nottingham.wa_,nottingham.wav,$(AppPath)\audio,,,9/30/2003 22:38:24,14772,,"","",""
File58=1,,orpington.wa_,orpington.wav,$(AppPath)\audio,,,9/30/2003 22:39:00,18694,,"","",""
File59=1,,oxford.wa_,oxford.wav,$(AppPath)\audio,,,9/30/2003 22:39:52,16160,,"","",""
File60=1,,peterborough.wa_,peterborough.wav,$(AppPath)\audio,,,9/30/2003 22:40:28,14754,,"","",""
File61=1,,plymouth.wa_,plymouth.wav,$(AppPath)\audio,,,9/30/2003 22:41:46,23880,,"","",""
File62=1,,portsmouth.wa_,portsmouth.wav,$(AppPath)\audio,,,10/3/2003 17:57:24,28718,,"","",""
File63=1,,preston.wa_,preston.wav,$(AppPath)\audio,,,9/30/2003 22:43:04,18992,,"","",""
File64=1,,reading.wa_,reading.wav,$(AppPath)\audio,,,9/30/2003 22:43:42,15058,,"","",""
File65=1,,romford.wa_,romford.wav,$(AppPath)\audio,,,9/30/2003 22:44:16,16460,,"","",""
File66=1,,sheffield.wa_,sheffield.wav,$(AppPath)\audio,,,9/30/2003 22:44:54,17460,,"","",""
File67=1,,slough.wa_,slough.wav,$(AppPath)\audio,,,9/30/2003 22:45:22,16180,,"","",""
File68=1,,southampton.wa_,southampton.wav,$(AppPath)\audio,,,9/30/2003 22:46:24,18600,,"","",""
File69=1,,southend on sea.wa_,southend on sea.wav,$(AppPath)\audio,,,9/30/2003 22:45:54,24760,,"","",""
File70=1,,stockport.wa_,stockport.wav,$(AppPath)\audio,,,9/30/2003 22:47:26,19120,,"","",""
File71=1,,stockton tees.wa_,stockton tees.wav,$(AppPath)\audio,,,9/30/2003 22:48:26,24640,,"","",""
File72=1,,stoke on trent.wa_,stoke on trent.wav,$(AppPath)\audio,,,10/3/2003 17:56:22,21498,,"","",""
File73=1,,swansea.wa_,swansea.wav,$(AppPath)\audio,,,9/30/2003 22:49:44,18376,,"","",""
File74=1,,swindon.wa_,swindon.wav,$(AppPath)\audio,,,9/30/2003 22:51:52,17352,,"","",""
File75=1,,telford.wa_,telford.wav,$(AppPath)\audio,,,9/30/2003 22:52:32,20638,,"","",""
File76=1,,uxbridge.wa_,uxbridge.wav,$(AppPath)\audio,,,9/30/2003 22:53:08,21414,,"","",""
File77=1,,warrington.wa_,warrington.wav,$(AppPath)\audio,,,9/30/2003 22:53:44,14860,,"","",""
File78=1,,wolverhampton.wa_,wolverhampton.wav,$(AppPath)\audio,,,9/30/2003 22:54:46,19780,,"","",""
File79=1,,aberdeen.wa_,aberdeen.wav,$(AppPath)\audio,,,9/30/2003 22:19:04,22700,,"","",""
File80=1,,northern ireland.wa_,northern ireland.wav,$(AppPath)\audio,,,11/15/2003 23:20:32,17698,,"","",""

[Setup]
Title=GetYourNumber
DefProgramGroup=GetYourNumber
DefaultDir=$(ProgramFiles)\GetYourNumber
Setup=setup1.exe
AppExe=thenumber.exe
AppToUninstall=thenumber.exe
AppPath=

; The following lines may be deleted in order to obtain extra 
; space for customizing this file on a full installation diskette.
; 
; XXXXXXXXXXXXXXXXXXXXXXXXXXXXXXXXXXXXXXXXXXXXXXXXXXXXXXXXXXXX
; XXXXXXXXXXXXXXXXXXXXXXXXXXXXXXXXXXXXXXXXXXXXXXXXXXXXXXXXXXXX
; XXXXXXXXXXXXXXXXXXXXXXXXXXXXXXXXXXXXXXXXXXXXXXXXXXXXXXXXXXXX
; XXXXXXXXXXXXXXXXXXXXXXXXXXXXXXXXXXXXXXXXXXXXXXXXXXXXXXXXXXXX
; XXXXXXXXXXXXXXXXXXXXXXXXXXXXXXXXXXXXXXXXXXXXXXXXXXXXXXXXXXXX
; XXXXXXXXXXXXXXXXXXXXXXXXXXXXXXXXXXXXXXXXXXXXXXXXXXXXXXXXXXXX
; XXXXXXXXXXXXXXXXXXXXXXXXXXXXXXXXXXXXXXXXXXXXXXXXXXXXXXXXXXXX
; XXXXXXXXXXXXXXXXXXXXXXXXXXXXXXXXXXXXXXXXXXXXXXXXXXXXXXXXXXXX
; XXXXXXXXXXXXXXXXXXXXXXXXXXXXXXXXXXXXXXXXXXXXXXXXXXXXXXXXXXXX
; XXXXXXXXXXXXXXXXXXXXXXXXXXXXXXXXXXXXXXXXXXXXXXXXXXXXXXXXXXXX
; XXXXXXXXXXXXXXXXXXXXXXXXXXXXXXXXXXXXXXXXXXXXXXXXXXXXXXXXXXXX
; XXXXXXXXXXXXXXXXXXXXXXXXXXXXXXXXXXXXXXXXXXXXXXXXXXXXXXXXXXXX
; XXXXXXXXXXXXXXXXXXXXXXXXXXXXXXXXXXXXXXXXXXXXXXXXXXXXXXXXXXXX
; XXXXXXXXXXXXXXXXXXXXXXXXXXXXXXXXXXXXXXXXXXXXXXXXXXXXXXXXXXXX
; XXXXXXXXXXXXXXXXXXXXXXXXXXXXXXXXXXXXXXXXXXXXXXXXXXXXXXXXXXXX
; XXXXXXXXXXXXXXXXXXXXXXXXXXXXXXXXXXXXXXXXXXXXXXXXXXXXXXXXXXXX
; XXXXXXXXXXXXXXXXXXXXXXXXXXXXXXXXXXXXXXXXXXXXXXXXXXXXXXXXXXXX
; XXXXXXXXXXXXXXXXXXXXXXXXXXXXXXXXXXXXXXXXXXXXXXXXXXXXXXXXXXXX
; XXXXXXXXXXXXXXXXXXXXXXXXXXXXXXXXXXXXXXXXXXXXXXXXXXXXXXXXXXXX
; XXXXXXXXXXXXXXXXXXXXXXXXXXXXXXXXXXXXXXXXXXXXXXXXXXXXXXXXXXXX
; XXXXXXXXXXXXXXXXXXXXXXXXXXXXXXXXXXXXXXXXXXXXXXXXXXXXXXXXXXXX
; XXXXXXXXXXXXXXXXXXXXXXXXXXXXXXXXXXXXXXXXXXXXXXXXXXXXXXXXXXXX
; XXXXXXXXXXXXXXXXXXXXXXXXXXXXXXXXXXXXXXXXXXXXXXXXXXXXXXXXXXXX
; XXXXXXXXXXXXXXXXXXXXXXXXXXXXXXXXXXXXXXXXXXXXXXXXXXXXXXXXXXXX
; XXXXXXXXXXXXXXXXXXXXXXXXXXXXXXXXXXXXXXXXXXXXXXXXXXXXXXXXXXXX
; XXXXXXXXXXXXXXXXXXXXXXXXXXXXXXXXXXXXXXXXXXXXXXXXXXXXXXXXXXXX
; XXXXXXXXXXXXXXXXXXXXXXXXXXXXXXXXXXXXXXXXXXXXXXXXXXXXXXXXXXXX
; XXXXXXXXXXXXXXXXXXXXXXXXXXXXXXXXXXXXXXXXXXXXXXXXXXXXXXXXXXXX
; XXXXXXXXXXXXXXXXXXXXXXXXXXXXXXXXXXXXXXXXXXXXXXXXXXXXXXXXXXXX
; XXXXXXXXXXXXXXXXXXXXXXXXXXXXXXXXXXXXXXXXXXXXXXXXXXXXXXXXXXXX
; XXXXXXXXXXXXXXXXXXXXXXXXXXXXXXXXXXXXXXXXXXXXXXXXXXXXXXXXXXXX
; XXXXXXXXXXXXXXXXXXXXXXXXXXXXXXXXXXXXXXXXXXXXXXXXXXXXXXXXXXXX
; XXXXXXXXXXXXXXXXXXXXXXXXXXXXXXXXXXXXXXXXXXXXXXXXXXXXXXXXXXXX
; XXXXXXXXXXXXXXXXXXXXXXXXXXXXXXXXXXXXXXXXXXXXXXXXXXXXXXXXXXXX
; XXXXXXXXXXXXXXXXXXXXXXXXXXXXXXXXXXXXXXXXXXXXXXXXXXXXXXXXXXXX
; XXXXXXXXXXXXXXXXXXXXXXXXXXXXXXXXXXXXXXXXXXXXXXXXXXXXXXXXXXXX
; XXXXXXXXXXXXXXXXXXXXXXXXXXXXXXXXXXXXXXXXXXXXXXXXXXXXXXXXXXXX
; XXXXXXXXXXXXXXXXXXXXXXXXXXXXXXXXXXXXXXXXXXXXXXXXXXXXXXXXXXXX
; XXXXXXXXXXXXXXXXXXXXXXXXXXXXXXXXXXXXXXXXXXXXXXXXXXXXXXXXXXXX
; XXXXXXXXXXXXXXXXXXXXXXXXXXXXXXXXXXXXXXXXXXXXXXXXXXXXXXXXXXXX
; XXXXXXXXXXXXXXXXXXXXXXXXXXXXXXXXXXXXXXXXXXXXXXXXXXXXXXXXXXXX
; XXXXXXXXXXXXXXXXXXXXXXXXXXXXXXXXXXXXXXXXXXXXXXXXXXXXXXXXXXXX
; XXXXXXXXXXXXXXXXXXXXXXXXXXXXXXXXXXXXXXXXXXXXXXXXXXXXXXXXXXXX
; XXXXXXXXXXXXXXXXXXXXXXXXXXXXXXXXXXXXXXXXXXXXXXXXXXXXXXXXXXXX
; XXXXXXXXXXXXXXXXXXXXXXXXXXXXXXXXXXXXXXXXXXXXXXXXXXXXXXXXXXXX
; XXXXXXXXXXXXXXXXXXXXXXXXXXXXXXXXXXXXXXXXXXXXXXXXXXXXXXXXXXXX
; XXXXXXXXXXXXXXXXXXXXXXXXXXXXXXXXXXXXXXXXXXXXXXXXXXXXXXXXXXXX
; XXXXXXXXXXXXXXXXXXXXXXXXXXXXXXXXXXXXXXXXXXXXXXXXXXXXXXXXXXXX
; XXXXXXXXXXXXXXXXXXXXXXXXXXXXXXXXXXXXXXXXXXXXXXXXXXXXXXXXXXXX
; XXXXXXXXXXXXXXXXXXXXXXXXXXXXXXXXXXXXXXXXXXXXXXXXXXXXXXXXXXXX
; XXXXXXXXXXXXXXXXXXXXXXXXXXXXXXXXXXXXXXXXXXXXXXXXXXXXXXXXXXXX
; XXXXXXXXXXXXXXXXXXXXXXXXXXXXXXXXXXXXXXXXXXXXXXXXXXXXXXXXXXXX
; XXXXXXXXXXXXXXXXXXXXXXXXXXXXXXXXXXXXXXXXXXXXXXXXXXXXXXXXXXXX
; XXXXXXXXXXXXXXXXXXXXXXXXXXXXXXXXXXXXXXXXXXXXXXXXXXXXXXXXXXXX
; XXXXXXXXXXXXXXXXXXXXXXXXXXXXXXXXXXXXXXXXXXXXXXXXXXXXXXXXXXXX
; XXXXXXXXXXXXXXXXXXXXXXXXXXXXXXXXXXXXXXXXXXXXXXXXXXXXXXXXXXXX
; XXXXXXXXXXXXXXXXXXXXXXXXXXXXXXXXXXXXXXXXXXXXXXXXXXXXXXXXXXXX
; XXXXXXXXXXXXXXXXXXXXXXXXXXXXXXXXXXXXXXXXXXXXXXXXXXXXXXXXXXXX
; XXXXXXXXXXXXXXXXXXXXXXXXXXXXXXXXXXXXXXXXXXXXXXXXXXXXXXXXXXXX
; XXXXXXXXXXXXXXXXXXXXXXXXXXXXXXXXXXXXXXXXXXXXXXXXXXXXXXXXXXXX
; XXXXXXXXXXXXXXXXXXXXXXXXXXXXXXXXXXXXXXXXXXXXXXXXXXXXXXXXXXXX
; XXXXXXXXXXXXXXXXXXXXXXXXXXXXXXXXXXXXXXXXXXXXXXXXXXXXXXXXXXXX
; XXXXXXXXXXXXXXXXXXXXXXXXXXXXXXXXXXXXXXXXXXXXXXXXXXXXXXXXXXXX
; XXXXXXXXXXXXXXXXXXXXXXXXXXXXXXXXXXXXXXXXXXXXXXXXXXXXXXXXXXXX
; XXXXXXXXXXXXXXXXXXXXXXXXXXXXXXXXXXXXXXXXXXXXXXXXXXXXXXXXXXXX
; XXXXXXXXXXXXXXXXXXXXXXXXXXXXXXXXXXXXXXXXXXXXXXXXXXXXXXXXXXXX
; XXXXXXXXXXXXXXXXXXXXXXXXXXXXXXXXXXXXXXXXXXXXXXXXXXXXXXXXXXXX
; XXXXXXXXXXXXXXXXXXXXXXXXXXXXXXXXXXXXXXXXXXXXXXXXXXXXXXXXXXXX
; XXXXXXXXXXXXXXXXXXXXXXXXXXXXXXXXXXXXXXXXXXXXXXXXXXXXXXXXXXXX
; XXXXXXXXXXXXXXXXXXXXXXXXXXXXXXXXXXXXXXXXXXXXXXXXXXXXXXXXXXXX
; XXXXXXXXXXXXXXXXXXXXXXXXXXXXXXXXXXXXXXXXXXXXXXXXXXXXXXXXXXXX
; XXXXXXXXXXXXXXXXXXXXXXXXXXXXXXXXXXXXXXXXXXXXXXXXXXXXXXXXXXXX
; XXXXXXXXXXXXXXXXXXXXXXXXXXXXXXXXXXXXXXXXXXXXXXXXXXXXXXXXXXXX
; XXXXXXXXXXXXXXXXXXXXXXXXXXXXXXXXXXXXXXXXXXXXXXXXXXXXXXXXXXXX
; XXXXXXXXXXXXXXXXXXXXXXXXXXXXXXXXXXXXXXXXXXXXXXXXXXXXXXXXXXXX
; XXXXXXXXXXXXXXXXXXXXXXXXXXXXXXXXXXXXXXXXXXXXXXXXXXXXXXXXXXXX
; XXXXXXXXXXXXXXXXXXXXXXXXXXXXXXXXXXXXXXXXXXXXXXXXXXXXXXXXXXXX
; XXXXXXXXXXXXXXXXXXXXXXXXXXXXXXXXXXXXXXXXXXXXXXXXXXXXXXXXXXXX
; XXXXXXXXXXXXXXXXXXXXXXXXXXXXXXXXXXXXXXXXXXXXXXXXXXXXXXXXXXXX
; XXXXXXXXXXXXXXXXXXXXXXXXXXXXXXXXXXXXXXXXXXXXXXXXXXXXXXXXXXXX
; XXXXXXXXXXXXXXXXXXXXXXXXXXXXXXXXXXXXXXXXXXXXXXXXXXXXXXXXXXXX
; XXXXXXXXXXXXXXXXXXXXXXXXXXXXXXXXXXXXXXXXXXXXXXXXXXXXXXXXXXXX
; XXXXXXXXXXXXXXXXXXXXXXXXXXXXXXXXXXXXXXXXXXXXXXXXXXXXXXXXXXXX
; XXXXXXXXXXXXXXXXXXXXXXXXXXXXXXXXXXXXXXXXXXXXXXXXXXXXXXXXXXXX
; XXXXXXXXXXXXXXXXXXXXXXXXXXXXXXXXXXXXXXXXXXXXXXXXXXXXXXXXXXXX
; XXXXXXXXXXXXXXXXXXXXXXXXXXXXXXXXXXXXXXXXXXXXXXXXXXXXXXXXXXXX
